[08/25/2022 15:27:48] Debug: Session id: 1422add6-a597-45fc-9bdd-4d8a70578162
[08/25/2022 15:27:48] Debug: Code Processor information: Name :SnowConvert, Version: 7.11.81.0
[08/25/2022 15:27:49] Debug: Getting license
[08/25/2022 15:27:49] Debug: License information
	Status: Failed
	Message: No active license available.
[08/25/2022 15:27:49] Info: Starting to validate parameters
[08/25/2022 15:27:49] Info: Parameters to validate: 
	Execution mode: Conversion
	LICENSE_KEY: a3372138-b87e-4a08-b929-3b48b24c63f1
[08/25/2022 15:27:49] Info: Validation of parameters: Success
[08/25/2022 15:27:49] Debug: Getting code descriptor
[08/25/2022 15:27:49] Debug: Code descriptor information
	Units: 51
	Units type: LOC
	All file bytes: 2141
	All found extensions: .sql,.dml,.ddl,.bteq,.btq,.fl,.fload,.ml,.mload,.mld,.tp,.tpump,.tpt
[08/25/2022 15:27:49] Debug: Calculating fingerprint
[08/25/2022 15:27:49] Debug: Fingerprint information Fingerprint(size=2141,projects=1)
[08/25/2022 15:27:49] Info: Starting to try to validate online license for execution
[08/25/2022 15:27:50] Debug: Getting license
[08/25/2022 15:27:50] Debug: License information
	Status: Failed
	Message: No active license available.
[08/25/2022 15:27:50] Debug: Starting the execution of the controller
[08/25/2022 15:27:51] Debug: Executing the worker: SnowConvert
[08/25/2022 15:28:11] Debug: Finished executing the worker: SnowConvert
[08/25/2022 15:28:13] Info: Controller execution ended
